# JRE version: Java(TM) SE Runtime Environment 18.9 (11.0.12+8) (build 11.0.12+8-LTS-237)
# Java VM: Java HotSpot(TM) 64-Bit Server VM 18.9 (11.0.12+8-LTS-237, mixed mode, tiered, compressed oops, parallel gc, windows-amd64)
Heap:
 PSYoungGen      total 4096K, used 3047K [0x00000000eab00000, 0x00000000ebc80000, 0x0000000100000000)
  eden space 1024K, 0% used [0x00000000eab00000,0x00000000eab00000,0x00000000eac00000)
  from space 3072K, 99% used [0x00000000eb280000,0x00000000eb579dd8,0x00000000eb580000)
  to   space 6656K, 0% used [0x00000000eac00000,0x00000000eac00000,0x00000000eb280000)
 ParOldGen       total 187392K, used 187141K [0x00000000c0000000, 0x00000000cb700000, 0x00000000eab00000)
  object space 187392K, 99% used [0x00000000c0000000,0x00000000cb6c1488,0x00000000cb700000)
 Metaspace       used 91943K, capacity 95932K, committed 96640K, reserved 1136640K
  class space    used 8483K, capacity 9921K, committed 10112K, reserved 1048576K
GC Heap History (10 events):
Event: 12053.306 GC heap after
{Heap after GC invocations=1799 (full 39):
 PSYoungGen      total 5632K, used 1024K [0x00000000eab00000, 0x00000000eb700000, 0x0000000100000000)
  eden space 4608K, 0% used [0x00000000eab00000,0x00000000eab00000,0x00000000eaf80000)
  from space 1024K, 100% used [0x00000000eb280000,0x00000000eb380000,0x00000000eb380000)
  to   space 3072K, 0% used [0x00000000eaf80000,0x00000000eaf80000,0x00000000eb280000)
 ParOldGen       total 187392K, used 181955K [0x00000000c0000000, 0x00000000cb700000, 0x00000000eab00000)
  object space 187392K, 97% used [0x00000000c0000000,0x00000000cb1b0d78,0x00000000cb700000)
 Metaspace       used 91929K, capacity 95932K, committed 96640K, reserved 1136640K
  class space    used 8481K, capacity 9921K, committed 10112K, reserved 1048576K
}
Event: 12064.459 GC heap before
{Heap before GC invocations=1800 (full 39):
 PSYoungGen      total 5632K, used 5632K [0x00000000eab00000, 0x00000000eb700000, 0x0000000100000000)
  eden space 4608K, 100% used [0x00000000eab00000,0x00000000eaf80000,0x00000000eaf80000)
  from space 1024K, 100% used [0x00000000eb280000,0x00000000eb380000,0x00000000eb380000)
  to   space 3072K, 0% used [0x00000000eaf80000,0x00000000eaf80000,0x00000000eb280000)
 ParOldGen       total 187392K, used 181955K [0x00000000c0000000, 0x00000000cb700000, 0x00000000eab00000)
  object space 187392K, 97% used [0x00000000c0000000,0x00000000cb1b0d78,0x00000000cb700000)
 Metaspace       used 91938K, capacity 95932K, committed 96640K, reserved 1136640K
  class space    used 8482K, capacity 9921K, committed 10112K, reserved 1048576K
}
Event: 12064.464 GC heap after
{Heap after GC invocations=1800 (full 39):
 PSYoungGen      total 6144K, used 1196K [0x00000000eab00000, 0x00000000eb380000, 0x0000000100000000)
  eden space 4608K, 0% used [0x00000000eab00000,0x00000000eab00000,0x00000000eaf80000)
  from space 1536K, 77% used [0x00000000eaf80000,0x00000000eb0ab018,0x00000000eb100000)
  to   space 2048K, 0% used [0x00000000eb180000,0x00000000eb180000,0x00000000eb380000)
 ParOldGen       total 187392K, used 182900K [0x00000000c0000000, 0x00000000cb700000, 0x00000000eab00000)
  object space 187392K, 97% used [0x00000000c0000000,0x00000000cb29d1c0,0x00000000cb700000)
 Metaspace       used 91938K, capacity 95932K, committed 96640K, reserved 1136640K
  class space    used 8482K, capacity 9921K, committed 10112K, reserved 1048576K
}
Event: 12065.543 GC heap before
{Heap before GC invocations=1801 (full 39):
 PSYoungGen      total 6144K, used 5804K [0x00000000eab00000, 0x00000000eb380000, 0x0000000100000000)
  eden space 4608K, 99% used [0x00000000eab00000,0x00000000eaf7fff0,0x00000000eaf80000)
  from space 1536K, 77% used [0x00000000eaf80000,0x00000000eb0ab018,0x00000000eb100000)
  to   space 2048K, 0% used [0x00000000eb180000,0x00000000eb180000,0x00000000eb380000)
 ParOldGen       total 187392K, used 182900K [0x00000000c0000000, 0x00000000cb700000, 0x00000000eab00000)
  object space 187392K, 97% used [0x00000000c0000000,0x00000000cb29d1c0,0x00000000cb700000)
 Metaspace       used 91943K, capacity 95932K, committed 96640K, reserved 1136640K
  class space    used 8483K, capacity 9921K, committed 10112K, reserved 1048576K
}
Event: 12065.545 GC heap after
{Heap after GC invocations=1801 (full 39):
 PSYoungGen      total 5632K, used 640K [0x00000000eab00000, 0x00000000eb280000, 0x0000000100000000)
  eden space 4608K, 0% used [0x00000000eab00000,0x00000000eab00000,0x00000000eaf80000)
  from space 1024K, 62% used [0x00000000eb180000,0x00000000eb220000,0x00000000eb280000)
  to   space 1024K, 0% used [0x00000000eb080000,0x00000000eb080000,0x00000000eb180000)
 ParOldGen       total 187392K, used 182900K [0x00000000c0000000, 0x00000000cb700000, 0x00000000eab00000)
  object space 187392K, 97% used [0x00000000c0000000,0x00000000cb29d1c0,0x00000000cb700000)
 Metaspace       used 91943K, capacity 95932K, committed 96640K, reserved 1136640K
  class space    used 8483K, capacity 9921K, committed 10112K, reserved 1048576K
}
Event: 12065.564 GC heap before
{Heap before GC invocations=1802 (full 39):
 PSYoungGen      total 5632K, used 5248K [0x00000000eab00000, 0x00000000eb280000, 0x0000000100000000)
  eden space 4608K, 100% used [0x00000000eab00000,0x00000000eaf80000,0x00000000eaf80000)
  from space 1024K, 62% used [0x00000000eb180000,0x00000000eb220000,0x00000000eb280000)
  to   space 1024K, 0% used [0x00000000eb080000,0x00000000eb080000,0x00000000eb180000)
 ParOldGen       total 187392K, used 182900K [0x00000000c0000000, 0x00000000cb700000, 0x00000000eab00000)
  object space 187392K, 97% used [0x00000000c0000000,0x00000000cb29d1c0,0x00000000cb700000)
 Metaspace       used 91943K, capacity 95932K, committed 96640K, reserved 1136640K
  class space    used 8483K, capacity 9921K, committed 10112K, reserved 1048576K
}
Event: 12065.568 GC heap after
{Heap after GC invocations=1802 (full 39):
 PSYoungGen      total 5632K, used 999K [0x00000000eab00000, 0x00000000eb580000, 0x0000000100000000)
  eden space 4608K, 0% used [0x00000000eab00000,0x00000000eab00000,0x00000000eaf80000)
  from space 1024K, 97% used [0x00000000eb080000,0x00000000eb179dd8,0x00000000eb180000)
  to   space 3072K, 0% used [0x00000000eb280000,0x00000000eb280000,0x00000000eb580000)
 ParOldGen       total 187392K, used 184591K [0x00000000c0000000, 0x00000000cb700000, 0x00000000eab00000)
  object space 187392K, 98% used [0x00000000c0000000,0x00000000cb443d60,0x00000000cb700000)
 Metaspace       used 91943K, capacity 95932K, committed 96640K, reserved 1136640K
  class space    used 8483K, capacity 9921K, committed 10112K, reserved 1048576K
}
Event: 12065.588 GC heap before
{Heap before GC invocations=1803 (full 39):
 PSYoungGen      total 5632K, used 5607K [0x00000000eab00000, 0x00000000eb580000, 0x0000000100000000)
  eden space 4608K, 100% used [0x00000000eab00000,0x00000000eaf80000,0x00000000eaf80000)
  from space 1024K, 97% used [0x00000000eb080000,0x00000000eb179dd8,0x00000000eb180000)
  to   space 3072K, 0% used [0x00000000eb280000,0x00000000eb280000,0x00000000eb580000)
 ParOldGen       total 187392K, used 184591K [0x00000000c0000000, 0x00000000cb700000, 0x00000000eab00000)
  object space 187392K, 98% used [0x00000000c0000000,0x00000000cb443d60,0x00000000cb700000)
 Metaspace       used 91943K, capacity 95932K, committed 96640K, reserved 1136640K
  class space    used 8483K, capacity 9921K, committed 10112K, reserved 1048576K
}
Event: 12065.596 GC heap after
{Heap after GC invocations=1803 (full 39):
 PSYoungGen      total 4096K, used 3047K [0x00000000eab00000, 0x00000000ebc80000, 0x0000000100000000)
  eden space 1024K, 0% used [0x00000000eab00000,0x00000000eab00000,0x00000000eac00000)
  from space 3072K, 99% used [0x00000000eb280000,0x00000000eb579dd8,0x00000000eb580000)
  to   space 6656K, 0% used [0x00000000eac00000,0x00000000eac00000,0x00000000eb280000)
 ParOldGen       total 187392K, used 187141K [0x00000000c0000000, 0x00000000cb700000, 0x00000000eab00000)
  object space 187392K, 99% used [0x00000000c0000000,0x00000000cb6c1488,0x00000000cb700000)
 Metaspace       used 91943K, capacity 95932K, committed 96640K, reserved 1136640K
  class space    used 8483K, capacity 9921K, committed 10112K, reserved 1048576K
}
Event: 12065.596 GC heap before
{Heap before GC invocations=1804 (full 40):
 PSYoungGen      total 4096K, used 3047K [0x00000000eab00000, 0x00000000ebc80000, 0x0000000100000000)
  eden space 1024K, 0% used [0x00000000eab00000,0x00000000eab00000,0x00000000eac00000)
  from space 3072K, 99% used [0x00000000eb280000,0x00000000eb579dd8,0x00000000eb580000)
  to   space 6656K, 0% used [0x00000000eac00000,0x00000000eac00000,0x00000000eb280000)
 ParOldGen       total 187392K, used 187141K [0x00000000c0000000, 0x00000000cb700000, 0x00000000eab00000)
  object space 187392K, 99% used [0x00000000c0000000,0x00000000cb6c1488,0x00000000cb700000)
 Metaspace       used 91943K, capacity 95932K, committed 96640K, reserved 1136640K
  class space    used 8483K, capacity 9921K, committed 10112K, reserved 1048576K
}

