# JRE version: OpenJDK Runtime Environment GraalVM CE 20.3.3 (11.0.12+6) (build 11.0.12+6-jvmci-20.3-b20)
# Java VM: OpenJDK 64-Bit Server VM GraalVM CE 20.3.3 (11.0.12+6-jvmci-20.3-b20, mixed mode, sharing, tiered, jvmci, jvmci compiler, compressed oops, g1 gc, windows-amd64)
Heap:
 garbage-first heap   total 275456K, used 137849K [0x0000000080c00000, 0x0000000100000000)
  region size 1024K, 6 young (6144K), 6 survivors (6144K)
 Metaspace       used 61440K, capacity 63466K, committed 63616K, reserved 1103872K
  class space    used 7948K, capacity 8773K, committed 8832K, reserved 1048576K
GC Heap History (20 events):
Event: 0.302 GC heap after
{Heap after GC invocations=1 (full 0):
 garbage-first heap   total 131072K, used 3209K [0x0000000080c00000, 0x0000000100000000)
  region size 1024K, 2 young (2048K), 2 survivors (2048K)
 Metaspace       used 2302K, capacity 5206K, committed 5504K, reserved 1056768K
  class space    used 232K, capacity 526K, committed 640K, reserved 1048576K
}
Event: 0.593 GC heap before
{Heap before GC invocations=1 (full 0):
 garbage-first heap   total 131072K, used 15497K [0x0000000080c00000, 0x0000000100000000)
  region size 1024K, 14 young (14336K), 2 survivors (2048K)
 Metaspace       used 2619K, capacity 5278K, committed 5504K, reserved 1056768K
  class space    used 250K, capacity 530K, committed 640K, reserved 1048576K
}
Event: 0.597 GC heap after
{Heap after GC invocations=2 (full 0):
 garbage-first heap   total 131072K, used 9797K [0x0000000080c00000, 0x0000000100000000)
  region size 1024K, 2 young (2048K), 2 survivors (2048K)
 Metaspace       used 2619K, capacity 5278K, committed 5504K, reserved 1056768K
  class space    used 250K, capacity 530K, committed 640K, reserved 1048576K
}
Event: 1.365 GC heap before
{Heap before GC invocations=2 (full 0):
 garbage-first heap   total 131072K, used 37445K [0x0000000080c00000, 0x0000000100000000)
  region size 1024K, 29 young (29696K), 2 survivors (2048K)
 Metaspace       used 9082K, capacity 9673K, committed 9728K, reserved 1058816K
  class space    used 1039K, capacity 1254K, committed 1280K, reserved 1048576K
}
Event: 1.370 GC heap after
{Heap after GC invocations=3 (full 0):
 garbage-first heap   total 131072K, used 11150K [0x0000000080c00000, 0x0000000100000000)
  region size 1024K, 4 young (4096K), 4 survivors (4096K)
 Metaspace       used 9082K, capacity 9673K, committed 9728K, reserved 1058816K
  class space    used 1039K, capacity 1254K, committed 1280K, reserved 1048576K
}
Event: 2.958 GC heap before
{Heap before GC invocations=3 (full 0):
 garbage-first heap   total 131072K, used 52110K [0x0000000080c00000, 0x0000000100000000)
  region size 1024K, 44 young (45056K), 4 survivors (4096K)
 Metaspace       used 15067K, capacity 15797K, committed 16000K, reserved 1062912K
  class space    used 1876K, capacity 2168K, committed 2176K, reserved 1048576K
}
Event: 2.963 GC heap after
{Heap after GC invocations=4 (full 0):
 garbage-first heap   total 131072K, used 13075K [0x0000000080c00000, 0x0000000100000000)
  region size 1024K, 4 young (4096K), 4 survivors (4096K)
 Metaspace       used 15067K, capacity 15797K, committed 16000K, reserved 1062912K
  class space    used 1876K, capacity 2168K, committed 2176K, reserved 1048576K
}
Event: 3.719 GC heap before
{Heap before GC invocations=4 (full 0):
 garbage-first heap   total 131072K, used 55059K [0x0000000080c00000, 0x0000000100000000)
  region size 1024K, 46 young (47104K), 4 survivors (4096K)
 Metaspace       used 20370K, capacity 21228K, committed 21248K, reserved 1067008K
  class space    used 2683K, capacity 3054K, committed 3072K, reserved 1048576K
}
Event: 3.731 GC heap after
{Heap after GC invocations=5 (full 0):
 garbage-first heap   total 131072K, used 14692K [0x0000000080c00000, 0x0000000100000000)
  region size 1024K, 5 young (5120K), 5 survivors (5120K)
 Metaspace       used 20370K, capacity 21228K, committed 21248K, reserved 1067008K
  class space    used 2683K, capacity 3054K, committed 3072K, reserved 1048576K
}
Event: 5.305 GC heap before
{Heap before GC invocations=6 (full 0):
 garbage-first heap   total 131072K, used 87396K [0x0000000080c00000, 0x0000000100000000)
  region size 1024K, 76 young (77824K), 5 survivors (5120K)
 Metaspace       used 28321K, capacity 29379K, committed 29696K, reserved 1075200K
  class space    used 3588K, capacity 3991K, committed 4096K, reserved 1048576K
}
Event: 5.322 GC heap after
{Heap after GC invocations=7 (full 0):
 garbage-first heap   total 158720K, used 16945K [0x0000000080c00000, 0x0000000100000000)
  region size 1024K, 7 young (7168K), 7 survivors (7168K)
 Metaspace       used 28321K, capacity 29379K, committed 29696K, reserved 1075200K
  class space    used 3588K, capacity 3991K, committed 4096K, reserved 1048576K
}
Event: 7.267 GC heap before
{Heap before GC invocations=7 (full 0):
 garbage-first heap   total 158720K, used 78385K [0x0000000080c00000, 0x0000000100000000)
  region size 1024K, 68 young (69632K), 7 survivors (7168K)
 Metaspace       used 34446K, capacity 35748K, committed 35840K, reserved 1079296K
  class space    used 4522K, capacity 5028K, committed 5120K, reserved 1048576K
}
Event: 7.288 GC heap after
{Heap after GC invocations=8 (full 0):
 garbage-first heap   total 158720K, used 19655K [0x0000000080c00000, 0x0000000100000000)
  region size 1024K, 7 young (7168K), 7 survivors (7168K)
 Metaspace       used 34446K, capacity 35748K, committed 35840K, reserved 1079296K
  class space    used 4522K, capacity 5028K, committed 5120K, reserved 1048576K
}
Event: 9.993 GC heap before
{Heap before GC invocations=9 (full 0):
 garbage-first heap   total 158720K, used 100551K [0x0000000080c00000, 0x0000000100000000)
  region size 1024K, 86 young (88064K), 7 survivors (7168K)
 Metaspace       used 42942K, capacity 44404K, committed 44672K, reserved 1087488K
  class space    used 5684K, capacity 6256K, committed 6272K, reserved 1048576K
}
Event: 10.008 GC heap after
{Heap after GC invocations=10 (full 0):
 garbage-first heap   total 158720K, used 22940K [0x0000000080c00000, 0x0000000100000000)
  region size 1024K, 9 young (9216K), 9 survivors (9216K)
 Metaspace       used 42942K, capacity 44404K, committed 44672K, reserved 1087488K
  class space    used 5684K, capacity 6256K, committed 6272K, reserved 1048576K
}
Event: 12.568 GC heap before
{Heap before GC invocations=10 (full 0):
 garbage-first heap   total 228352K, used 213404K [0x0000000080c00000, 0x0000000100000000)
  region size 1024K, 93 young (95232K), 9 survivors (9216K)
 Metaspace       used 51921K, capacity 53748K, committed 54016K, reserved 1095680K
  class space    used 6844K, capacity 7565K, committed 7680K, reserved 1048576K
}
Event: 12.613 GC heap after
{Heap after GC invocations=11 (full 0):
 garbage-first heap   total 229376K, used 133091K [0x0000000080c00000, 0x0000000100000000)
  region size 1024K, 12 young (12288K), 12 survivors (12288K)
 Metaspace       used 51921K, capacity 53748K, committed 54016K, reserved 1095680K
  class space    used 6844K, capacity 7565K, committed 7680K, reserved 1048576K
}
Event: 15.061 GC heap before
{Heap before GC invocations=11 (full 0):
 garbage-first heap   total 229376K, used 192483K [0x0000000080c00000, 0x0000000100000000)
  region size 1024K, 70 young (71680K), 12 survivors (12288K)
 Metaspace       used 56837K, capacity 58705K, committed 58880K, reserved 1099776K
  class space    used 7372K, capacity 8105K, committed 8192K, reserved 1048576K
}
Event: 15.114 GC heap after
{Heap after GC invocations=12 (full 0):
 garbage-first heap   total 229376K, used 136079K [0x0000000080c00000, 0x0000000100000000)
  region size 1024K, 4 young (4096K), 4 survivors (4096K)
 Metaspace       used 56837K, capacity 58705K, committed 58880K, reserved 1099776K
  class space    used 7372K, capacity 8105K, committed 8192K, reserved 1048576K
}
Event: 16.199 GC heap before
{Heap before GC invocations=13 (full 0):
 garbage-first heap   total 229376K, used 194447K [0x0000000080c00000, 0x0000000100000000)
  region size 1024K, 61 young (62464K), 4 survivors (4096K)
 Metaspace       used 61440K, capacity 63466K, committed 63616K, reserved 1103872K
  class space    used 7948K, capacity 8773K, committed 8832K, reserved 1048576K
}

